<?xml version="1.0" encoding="UTF-8"?>
<!-- Generated by org.testng.reporters.JUnitReportReporter -->
<testsuite hostname="LAPTOP-07QKOQSU" failures="0" tests="1" name="Academy.ValidateNavigationBar" time="0.128" errors="0" timestamp="2022-04-25T22:16:06 IST" skipped="0">
  <testcase classname="Academy.ValidateNavigationBar" name="VerifyNavigationBar" time="0.128"/>
  <system-out/>
</testsuite> <!-- Academy.ValidateNavigationBar -->
