<?xml version="1.0" encoding="UTF-8"?>
<!-- Generated by org.testng.reporters.JUnitReportReporter -->
<testsuite hostname="LAPTOP-07QKOQSU" failures="0" tests="1" name="Academy.TitleValidation" time="10.514" errors="0" timestamp="2022-04-23T22:00:33 IST" skipped="0">
  <testcase classname="Academy.TitleValidation" name="ValidationOftitleHomePage" time="10.514"/>
  <system-out/>
</testsuite> <!-- Academy.TitleValidation -->
